
[2024-03-25 14:38:36,382: INFO: common: yaml file: config/config.yaml loaded successfully]
[2024-03-25 14:38:36,390: INFO: common: yaml file: params.yaml loaded successfully]
[2024-03-25 14:38:36,397: INFO: common: Created directory at: artifacts]
[2024-03-25 14:38:36,400: INFO: common: Created directory at: artifacts/data_ingestion]
[2024-03-25 14:38:36,403: INFO: 149356000: Downloading data from https://drive.google.com/file/d/1vlhZ5c7abUKF8xXERIw6m9Te8fW7ohw3/view?usp=sharing into file artifacts/data_ingestion/data.zip]
[2024-03-25 14:39:08,984: INFO: 149356000: Downloaded data from https://drive.google.com/file/d/1vlhZ5c7abUKF8xXERIw6m9Te8fW7ohw3/view?usp=sharing into file artifacts/data_ingestion/data.zip]
[2024-03-25 14:39:09,987: INFO: 149356000: Extracted zip file into: artifacts/data_ingestion]
[2024-03-25 16:07:09,611: INFO: main: >>>>>> Data Ingestion Stage started <<<<<<]
[2024-03-25 16:07:09,613: INFO: common: yaml file: config/config.yaml loaded successfully]
[2024-03-25 16:07:09,614: INFO: common: yaml file: params.yaml loaded successfully]
[2024-03-25 16:07:09,614: INFO: common: Created directory at: artifacts]
[2024-03-25 16:07:09,614: INFO: common: Created directory at: artifacts/data_ingestion]
[2024-03-25 16:07:09,615: INFO: data_ingestion: Downloading data from https://drive.google.com/file/d/1vlhZ5c7abUKF8xXERIw6m9Te8fW7ohw3/view?usp=sharing into file artifacts/data_ingestion/data.zip]
[2024-03-25 16:07:45,787: INFO: data_ingestion: Downloaded data from https://drive.google.com/file/d/1vlhZ5c7abUKF8xXERIw6m9Te8fW7ohw3/view?usp=sharing into file artifacts/data_ingestion/data.zip]
[2024-03-25 16:07:46,338: INFO: data_ingestion: Extracted zip file into: artifacts/data_ingestion]
[2024-03-25 16:07:46,339: INFO: main: >>>>>> Data Ingestion Stage completed <<<<<<<

x========================x]
[2024-03-25 23:09:55,362: INFO: common: yaml file: config/config.yaml loaded successfully]
[2024-03-25 23:09:55,369: INFO: common: yaml file: params.yaml loaded successfully]
[2024-03-25 23:09:55,375: INFO: common: Created directory at: artifacts]
[2024-03-25 23:09:55,382: INFO: common: Created directory at: artifacts/prepare_base_model]
[2024-03-25 23:10:33,704: WARNING: saving_utils: Compiled the loaded model, but the compiled metrics have yet to be built. `model.compile_metrics` will be empty until you train or evaluate the model.]
[2024-03-26 00:09:05,785: INFO: main: *********************************
]
[2024-03-26 00:09:05,785: INFO: main: >>>>>> Data Ingestion Stage started <<<<<<]
[2024-03-26 00:09:05,787: INFO: common: yaml file: config/config.yaml loaded successfully]
[2024-03-26 00:09:05,789: INFO: common: yaml file: params.yaml loaded successfully]
[2024-03-26 00:09:05,790: INFO: common: Created directory at: artifacts]
[2024-03-26 00:09:05,790: INFO: common: Created directory at: artifacts/data_ingestion]
[2024-03-26 00:09:05,790: INFO: data_ingestion: Downloading data from https://drive.google.com/file/d/1vlhZ5c7abUKF8xXERIw6m9Te8fW7ohw3/view?usp=sharing into file artifacts/data_ingestion/data.zip]
[2024-03-26 00:09:36,876: INFO: data_ingestion: Downloaded data from https://drive.google.com/file/d/1vlhZ5c7abUKF8xXERIw6m9Te8fW7ohw3/view?usp=sharing into file artifacts/data_ingestion/data.zip]
[2024-03-26 00:09:37,455: INFO: data_ingestion: Extracted zip file into: artifacts/data_ingestion]
[2024-03-26 00:09:37,455: INFO: main: >>>>>> Data Ingestion Stage completed <<<<<<<
**********************************]
[2024-03-26 00:09:37,455: INFO: main: *********************************
]
[2024-03-26 00:09:37,455: INFO: main: >>>>>> Prepare Base Model Stage started <<<<<<]
[2024-03-26 00:09:37,457: INFO: common: yaml file: config/config.yaml loaded successfully]
[2024-03-26 00:09:37,459: INFO: common: yaml file: params.yaml loaded successfully]
[2024-03-26 00:09:37,459: INFO: common: Created directory at: artifacts]
[2024-03-26 00:09:37,459: INFO: common: Created directory at: artifacts/prepare_base_model]
[2024-03-26 00:09:38,066: WARNING: saving_utils: Compiled the loaded model, but the compiled metrics have yet to be built. `model.compile_metrics` will be empty until you train or evaluate the model.]
[2024-03-26 00:09:38,384: INFO: main: >>>>>> Prepare Base Model Stage completed <<<<<<<
 **********************************]
[2024-03-28 01:58:48,111: INFO: common: yaml file: config/config.yaml loaded successfully]
[2024-03-28 01:58:48,124: INFO: common: yaml file: params.yaml loaded successfully]
[2024-03-28 01:58:48,134: INFO: common: Created directory at: artifacts]
[2024-03-28 01:58:48,148: INFO: common: Created directory at: artifacts/training]
[2024-03-28 09:58:40,824: INFO: main: *********************************
]
[2024-03-28 09:58:40,825: INFO: main: >>>>>> Data Ingestion Stage started <<<<<<]
[2024-03-28 09:58:40,827: INFO: common: yaml file: config/config.yaml loaded successfully]
[2024-03-28 09:58:40,831: INFO: common: yaml file: params.yaml loaded successfully]
[2024-03-28 09:58:40,833: INFO: common: Created directory at: artifacts]
[2024-03-28 09:58:40,834: INFO: common: Created directory at: artifacts/data_ingestion]
[2024-03-28 09:58:40,834: INFO: data_ingestion: Downloading data from https://drive.google.com/file/d/1vlhZ5c7abUKF8xXERIw6m9Te8fW7ohw3/view?usp=sharing into file artifacts/data_ingestion/data.zip]
[2024-03-28 09:59:43,609: INFO: data_ingestion: Downloaded data from https://drive.google.com/file/d/1vlhZ5c7abUKF8xXERIw6m9Te8fW7ohw3/view?usp=sharing into file artifacts/data_ingestion/data.zip]
[2024-03-28 09:59:44,304: INFO: data_ingestion: Extracted zip file into: artifacts/data_ingestion]
[2024-03-28 09:59:44,304: INFO: main: >>>>>> Data Ingestion Stage completed <<<<<<<
**********************************]
[2024-03-28 09:59:44,304: INFO: main: *********************************
]
[2024-03-28 09:59:44,305: INFO: main: >>>>>> Prepare Base Model Stage started <<<<<<]
[2024-03-28 09:59:44,309: INFO: common: yaml file: config/config.yaml loaded successfully]
[2024-03-28 09:59:44,313: INFO: common: yaml file: params.yaml loaded successfully]
[2024-03-28 09:59:44,313: INFO: common: Created directory at: artifacts]
[2024-03-28 09:59:44,314: INFO: common: Created directory at: artifacts/prepare_base_model]
[2024-03-28 09:59:45,118: WARNING: saving_utils: Compiled the loaded model, but the compiled metrics have yet to be built. `model.compile_metrics` will be empty until you train or evaluate the model.]
[2024-03-28 09:59:45,502: INFO: main: >>>>>> Prepare Base Model Stage completed <<<<<<<
 **********************************]
[2024-03-28 09:59:45,502: INFO: main: *********************************
]
[2024-03-28 09:59:45,502: INFO: main: >>>>>> Training started <<<<<<]
[2024-03-28 09:59:45,506: INFO: common: yaml file: config/config.yaml loaded successfully]
[2024-03-28 09:59:45,509: INFO: common: yaml file: params.yaml loaded successfully]
[2024-03-28 09:59:45,509: INFO: common: Created directory at: artifacts]
[2024-03-28 09:59:45,510: INFO: common: Created directory at: artifacts/training]
[2024-03-28 10:01:53,559: INFO: main: >>>>>> Training completed <<<<<<<
 **********************************]
[2024-03-28 19:03:01,522: INFO: common: yaml file: config/config.yaml loaded successfully]
[2024-03-28 19:03:01,540: INFO: common: yaml file: params.yaml loaded successfully]
[2024-03-28 19:03:01,552: INFO: common: Created directory at: artifacts]
[2024-03-28 19:05:21,175: INFO: common: yaml file: config/config.yaml loaded successfully]
[2024-03-28 19:05:21,180: INFO: common: yaml file: params.yaml loaded successfully]
[2024-03-28 19:05:21,183: INFO: common: Created directory at: artifacts]
[2024-03-28 19:05:26,819: INFO: common: yaml file: config/config.yaml loaded successfully]
[2024-03-28 19:05:26,828: INFO: common: yaml file: params.yaml loaded successfully]
[2024-03-28 19:05:26,832: INFO: common: Created directory at: artifacts]
[2024-03-28 19:05:35,955: INFO: common: yaml file: config/config.yaml loaded successfully]
[2024-03-28 19:05:35,971: INFO: common: yaml file: params.yaml loaded successfully]
[2024-03-28 19:05:35,973: INFO: common: Created directory at: artifacts]
[2024-03-28 19:06:54,284: INFO: common: yaml file: config/config.yaml loaded successfully]
[2024-03-28 19:06:54,292: INFO: common: yaml file: params.yaml loaded successfully]
[2024-03-28 19:06:54,295: INFO: common: Created directory at: artifacts]
[2024-03-28 19:08:18,545: INFO: common: Json file saved at: scores.json]
[2024-03-28 19:08:24,990: WARNING: save: Found untraced functions such as _jit_compiled_convolution_op, _jit_compiled_convolution_op, _jit_compiled_convolution_op, _jit_compiled_convolution_op, _jit_compiled_convolution_op while saving (showing 5 of 14). These functions will not be directly callable after loading.]
[2024-03-28 19:08:26,364: INFO: builder_impl: Assets written to: /tmp/tmp8cco3vpo/model/data/model/assets]
